Build started 7/19/2013 4:25:43 PM.
     1>Project "C:\Users\liuchuax\Desktop\USEING\3D_Teapot\3D_Teapot\3D_Teapot.vcxproj" on node 2 (build target(s)).
     1>InitializeBuildStatus:
         Creating "Debug\3D_Teapot.unsuccessfulbuild" because "AlwaysCreate" was specified.
       ClCompile:
         c:\Program Files (x86)\Microsoft Visual Studio 10.0\VC\bin\CL.exe /c /ZI /nologo /W3 /WX- /Od /Oy- /D WIN32 /D _DEBUG /D _CONSOLE /D _UNICODE /D UNICODE /Gm /EHsc /RTC1 /MDd /GS /fp:precise /Zc:wchar_t /Zc:forScope /Fo"Debug\\" /Fd"Debug\vc100.pdb" /Gd /TP /analyze- /errorReport:prompt teapot.cpp
         teapot.cpp
     1>c:\users\liuchuax\desktop\useing\3d_teapot\3d_teapot\teapot.cpp(124): warning C4996: 'sprintf': This function or variable may be unsafe. Consider using sprintf_s instead. To disable deprecation, use _CRT_SECURE_NO_WARNINGS. See online help for details.
                 c:\program files (x86)\microsoft visual studio 10.0\vc\include\stdio.h(371) : see declaration of 'sprintf'
     1>c:\users\liuchuax\desktop\useing\3d_teapot\3d_teapot\teapot.cpp(125): warning C4996: 'sprintf': This function or variable may be unsafe. Consider using sprintf_s instead. To disable deprecation, use _CRT_SECURE_NO_WARNINGS. See online help for details.
                 c:\program files (x86)\microsoft visual studio 10.0\vc\include\stdio.h(371) : see declaration of 'sprintf'
       ManifestResourceCompile:
         All outputs are up-to-date.
       Link:
         c:\Program Files (x86)\Microsoft Visual Studio 10.0\VC\bin\link.exe /ERRORREPORT:PROMPT /OUT:"C:\Users\liuchuax\Desktop\USEING\3D_Teapot\Debug\3D_Teapot.exe" /INCREMENTAL /NOLOGO kernel32.lib user32.lib gdi32.lib winspool.lib comdlg32.lib advapi32.lib shell32.lib ole32.lib oleaut32.lib uuid.lib odbc32.lib odbccp32.lib /MANIFEST /ManifestFile:"Debug\3D_Teapot.exe.intermediate.manifest" /MANIFESTUAC:"level='asInvoker' uiAccess='false'" /DEBUG /PDB:"C:\Users\liuchuax\Desktop\USEING\3D_Teapot\Debug\3D_Teapot.pdb" /SUBSYSTEM:CONSOLE /TLBID:1 /DYNAMICBASE /NXCOMPAT /IMPLIB:"C:\Users\liuchuax\Desktop\USEING\3D_Teapot\Debug\3D_Teapot.lib" /MACHINE:X86 Debug\3D_Teapot.exe.embed.manifest.res
         Debug\teapot.obj
       Manifest:
         c:\Program Files (x86)\Microsoft SDKs\Windows\v7.0A\bin\mt.exe /nologo /verbose /out:"Debug\3D_Teapot.exe.embed.manifest" /manifest Debug\3D_Teapot.exe.intermediate.manifest
         All outputs are up-to-date.
       LinkEmbedManifest:
         All outputs are up-to-date.
         3D_Teapot.vcxproj -> C:\Users\liuchuax\Desktop\USEING\3D_Teapot\Debug\3D_Teapot.exe
       FinalizeBuildStatus:
         Deleting file "Debug\3D_Teapot.unsuccessfulbuild".
         Touching "Debug\3D_Teapot.lastbuildstate".
     1>Done Building Project "C:\Users\liuchuax\Desktop\USEING\3D_Teapot\3D_Teapot\3D_Teapot.vcxproj" (build target(s)).

Build succeeded.

Time Elapsed 00:00:04.29
